Arguments: 
  /usr/bin/node /usr/share/yarn/bin/yarn.js install

PATH: 
  /home/era/anaconda3/bin:/home/era/anaconda3/condabin:/usr/local/sbin:/usr/local/bin:/usr/sbin:/usr/bin:/sbin:/bin:/usr/games:/usr/local/games:/snap/bin:/home/era/Downloads/sdks/flutter/flutter/bin:/home/era/Downloads/sdks/flutter/flutter/bin:/home/era/Downloads/sdks/flutter/flutter/bin

Yarn version: 
  1.22.17

Node version: 
  16.10.0

Platform: 
  linux x64

Trace: 
  SyntaxError: /home/era/Desktop/BridgeLabs/bridgelabs-onboarding-task/transfer-tokens/package.json: Unexpected end of JSON input
      at JSON.parse (<anonymous>)
      at /usr/share/yarn/lib/cli.js:1625:59
      at Generator.next (<anonymous>)
      at step (/usr/share/yarn/lib/cli.js:310:30)
      at /usr/share/yarn/lib/cli.js:321:13

npm manifest: 
  

yarn manifest: 
  No manifest

Lockfile: 
  No lockfile
